Started GET "/" for 127.0.0.1 at 2012-03-10 14:28:14 +0100
Processing by HomeController#index as HTML
  Rendered text template within layouts/application (0.0ms)
  Rendered layouts/_assets.html.erb (2.0ms)
  Rendered layouts/_top.html.erb (2.6ms)
  Rendered layouts/_about.html.erb (0.3ms)
  Rendered layouts/_google_analytics.html.erb (0.4ms)
Completed 200 OK in 79ms (Views: 78.8ms | ActiveRecord: 0.0ms)

Started GET "/" for 127.0.0.1 at 2012-03-10 14:28:14 +0100
Processing by HomeController#index as HTML
  Rendered text template within layouts/application (0.0ms)
  Rendered layouts/_assets.html.erb (2.0ms)
  Rendered layouts/_top.html.erb (2.6ms)
  Rendered layouts/_about.html.erb (0.3ms)
  Rendered layouts/_google_analytics.html.erb (0.4ms)
Completed 200 OK in 79ms (Views: 78.8ms | ActiveRecord: 0.0ms)

Started GET "/" for 127.0.0.1 at 2012-03-10 14:28:14 +0100
Processing by HomeController#index as HTML
  Rendered text template within layouts/application (0.0ms)
  Rendered layouts/_assets.html.erb (2.0ms)
  Rendered layouts/_top.html.erb (2.6ms)
  Rendered layouts/_about.html.erb (0.3ms)
  Rendered layouts/_google_analytics.html.erb (0.4ms)
Completed 200 OK in 79ms (Views: 78.8ms | ActiveRecord: 0.0ms)

Started GET "/" for 127.0.0.1 at 2012-03-10 14:28:14 +0100
Processing by HomeController#index as HTML
  Rendered text template within layouts/application (0.0ms)
  Rendered layouts/_assets.html.erb (2.0ms)
  Rendered layouts/_top.html.erb (2.6ms)
  Rendered layouts/_about.html.erb (0.3ms)
  Rendered layouts/_google_analytics.html.erb (0.4ms)
Completed 200 OK in 79ms (Views: 78.8ms | ActiveRecord: 0.0ms)

Started GET "/" for 127.0.0.1 at 2012-03-10 14:28:14 +0100
Processing by HomeController#index as HTML
  Rendered text template within layouts/application (0.0ms)
  Rendered layouts/_assets.html.erb (2.0ms)
  Rendered layouts/_top.html.erb (2.6ms)
  Rendered layouts/_about.html.erb (0.3ms)
  Rendered layouts/_google_analytics.html.erb (0.4ms)
Completed 200 OK in 79ms (Views: 78.8ms | ActiveRecord: 0.0ms)
Started GET "/" for 127.0.0.1 at 2012-03-10 14:28:14 +0100
Processing by HomeController#index as HTML
  Rendered text template within layouts/application (0.0ms)
  Rendered layouts/_assets.html.erb (2.0ms)
  Rendered layouts/_top.html.erb (2.6ms)
  Rendered layouts/_about.html.erb (0.3ms)
  Rendered layouts/_google_analytics.html.erb (0.4ms)
Completed 200 OK in 79ms (Views: 78.8ms | ActiveRecord: 0.0ms)
Started GET "/" for 127.0.0.1 at 2012-03-10 14:28:14 +0100
Processing by HomeController#index as HTML
  Rendered text template within layouts/application (0.0ms)
  Rendered layouts/_assets.html.erb (2.0ms)
  Rendered layouts/_top.html.erb (2.6ms)
  Rendered layouts/_about.html.erb (0.3ms)
  Rendered layouts/_google_analytics.html.erb (0.4ms)
Completed 200 OK in 79ms (Views: 78.8ms | ActiveRecord: 0.0ms)
Started GET "/" for 127.0.0.1 at 2012-03-10 14:28:14 +0100
Processing by HomeController#index as HTML
  Rendered text template within layouts/application (0.0ms)
  Rendered layouts/_assets.html.erb (2.0ms)
  Rendered layouts/_top.html.erb (2.6ms)
  Rendered layouts/_about.html.erb (0.3ms)
  Rendered layouts/_google_analytics.html.erb (0.4ms)
Completed 200 OK in 79ms (Views: 78.8ms | ActiveRecord: 0.0ms)

Started GET "/" for 127.0.0.1 at 2012-03-10 14:28:14 +0100
Processing by HomeController#index as HTML
  Rendered text template within layouts/application (0.0ms)
  Rendered layouts/_assets.html.erb (2.0ms)
  Rendered layouts/_top.html.erb (2.6ms)
  Rendered layouts/_about.html.erb (0.3ms)
  Rendered layouts/_google_analytics.html.erb (0.4ms)
Completed 200 OK in 79ms (Views: 78.8ms | ActiveRecord: 0.0ms)

Started GET "/" for 127.0.0.1 at 2012-03-10 14:28:14 +0100
Processing by HomeController#index as HTML
  Rendered text template within layouts/application (0.0ms)
  Rendered layouts/_assets.html.erb (2.0ms)
  Rendered layouts/_top.html.erb (2.6ms)
  Rendered layouts/_about.html.erb (0.3ms)
  Rendered layouts/_google_analytics.html.erb (0.4ms)
Completed 200 OK in 79ms (Views: 78.8ms | ActiveRecord: 0.0ms)

Started GET "/" for 127.0.0.1 at 2012-03-10 14:28:14 +0100
Processing by HomeController#index as HTML
  Rendered text template within layouts/application (0.0ms)
  Rendered layouts/_assets.html.erb (2.0ms)
  Rendered layouts/_top.html.erb (2.6ms)
  Rendered layouts/_about.html.erb (0.3ms)
  Rendered layouts/_google_analytics.html.erb (0.4ms)
Completed 200 OK in 79ms (Views: 78.8ms | ActiveRecord: 0.0ms)
Started GET "/" for 127.0.0.1 at 2012-03-10 14:28:14 +0100
Processing by HomeController#index as HTML
  Rendered text template within layouts/application (0.0ms)
  Rendered layouts/_assets.html.erb (2.0ms)
  Rendered layouts/_top.html.erb (2.6ms)
  Rendered layouts/_about.html.erb (0.3ms)
  Rendered layouts/_google_analytics.html.erb (0.4ms)
Completed 200 OK in 79ms (Views: 78.8ms | ActiveRecord: 0.0ms)
Started GET "/" for 127.0.0.1 at 2012-03-10 14:28:14 +0100
Processing by HomeController#index as HTML
  Rendered text template within layouts/application (0.0ms)
  Rendered layouts/_assets.html.erb (2.0ms)
  Rendered layouts/_top.html.erb (2.6ms)
  Rendered layouts/_about.html.erb (0.3ms)
  Rendered layouts/_google_analytics.html.erb (0.4ms)
Completed 200 OK in 79ms (Views: 78.8ms | ActiveRecord: 0.0ms)
Started GET "/" for 127.0.0.1 at 2012-03-10 14:28:14 +0100
Processing by HomeController#index as HTML
  Rendered text template within layouts/application (0.0ms)
  Rendered layouts/_assets.html.erb (2.0ms)
  Rendered layouts/_top.html.erb (2.6ms)
  Rendered layouts/_about.html.erb (0.3ms)
  Rendered layouts/_google_analytics.html.erb (0.4ms)
Completed 200 OK in 79ms (Views: 78.8ms | ActiveRecord: 0.0ms)
Started GET "/" for 127.0.0.1 at 2012-03-10 14:28:14 +0100
Processing by HomeController#index as HTML
  Rendered text template within layouts/application (0.0ms)
  Rendered layouts/_assets.html.erb (2.0ms)
  Rendered layouts/_top.html.erb (2.6ms)
  Rendered layouts/_about.html.erb (0.3ms)
  Rendered layouts/_google_analytics.html.erb (0.4ms)
Completed 200 OK in 79ms (Views: 78.8ms | ActiveRecord: 0.0ms)
Started GET "/" for 127.0.0.1 at 2012-03-10 14:28:14 +0100
Processing by HomeController#index as HTML
  Rendered text template within layouts/application (0.0ms)
  Rendered layouts/_assets.html.erb (2.0ms)
  Rendered layouts/_top.html.erb (2.6ms)
  Rendered layouts/_about.html.erb (0.3ms)
  Rendered layouts/_google_analytics.html.erb (0.4ms)
Completed 200 OK in 79ms (Views: 78.8ms | ActiveRecord: 0.0ms)

Started GET "/" for 127.0.0.1 at 2012-03-10 14:28:14 +0100
Processing by HomeController#index as HTML
  Rendered text template within layouts/application (0.0ms)
  Rendered layouts/_assets.html.erb (2.0ms)
  Rendered layouts/_top.html.erb (2.6ms)
  Rendered layouts/_about.html.erb (0.3ms)
  Rendered layouts/_google_analytics.html.erb (0.4ms)
Completed 200 OK in 79ms (Views: 78.8ms | ActiveRecord: 0.0ms)
Started GET "/" for 127.0.0.1 at 2012-03-10 14:28:14 +0100
Processing by HomeController#index as HTML
  Rendered text template within layouts/application (0.0ms)
  Rendered layouts/_assets.html.erb (2.0ms)
  Rendered layouts/_top.html.erb (2.6ms)
  Rendered layouts/_about.html.erb (0.3ms)
  Rendered layouts/_google_analytics.html.erb (0.4ms)
Completed 200 OK in 79ms (Views: 78.8ms | ActiveRecord: 0.0ms)

Started GET "/" for 127.0.0.1 at 2012-03-10 14:28:14 +0100
Processing by HomeController#index as HTML
  Rendered text template within layouts/application (0.0ms)
  Rendered layouts/_assets.html.erb (2.0ms)
  Rendered layouts/_top.html.erb (2.6ms)
  Rendered layouts/_about.html.erb (0.3ms)
  Rendered layouts/_google_analytics.html.erb (0.4ms)
Completed 200 OK in 79ms (Views: 78.8ms | ActiveRecord: 0.0ms)

Started GET "/" for 127.0.0.1 at 2012-03-10 14:28:14 +0100
Processing by HomeController#index as HTML
  Rendered text template within layouts/application (0.0ms)
  Rendered layouts/_assets.html.erb (2.0ms)
  Rendered layouts/_top.html.erb (2.6ms)
  Rendered layouts/_about.html.erb (0.3ms)
  Rendered layouts/_google_analytics.html.erb (0.4ms)
Completed 200 OK in 79ms (Views: 78.8ms | ActiveRecord: 0.0ms)

Started GET "/" for 127.0.0.1 at 2012-03-10 14:28:14 +0100
Processing by HomeController#index as HTML
  Rendered text template within layouts/application (0.0ms)
  Rendered layouts/_assets.html.erb (2.0ms)
  Rendered layouts/_top.html.erb (2.6ms)
  Rendered layouts/_about.html.erb (0.3ms)
  Rendered layouts/_google_analytics.html.erb (0.4ms)
Completed 200 OK in 79ms (Views: 78.8ms | ActiveRecord: 0.0ms)


Started GET "/" for 127.0.0.1 at 2012-03-10 14:28:14 +0100
Processing by HomeController#index as HTML
  Rendered text template within layouts/application (0.0ms)
  Rendered layouts/_assets.html.erb (2.0ms)
  Rendered layouts/_top.html.erb (2.6ms)
  Rendered layouts/_about.html.erb (0.3ms)
  Rendered layouts/_google_analytics.html.erb (0.4ms)
Completed 200 OK in 79ms (Views: 78.8ms | ActiveRecord: 0.0ms)

Started GET "/" for 127.0.0.1 at 2012-03-10 14:28:14 +0100
Processing by HomeController#index as HTML
  Rendered text template within layouts/application (0.0ms)
  Rendered layouts/_assets.html.erb (2.0ms)
  Rendered layouts/_top.html.erb (2.6ms)
  Rendered layouts/_about.html.erb (0.3ms)
  Rendered layouts/_google_analytics.html.erb (0.4ms)
Completed 200 OK in 79ms (Views: 78.8ms | ActiveRecord: 0.0ms)


Started GET "/" for 127.0.0.1 at 2012-03-10 14:28:14 +0100
Processing by HomeController#index as HTML
  Rendered text template within layouts/application (0.0ms)
  Rendered layouts/_assets.html.erb (2.0ms)
  Rendered layouts/_top.html.erb (2.6ms)
  Rendered layouts/_about.html.erb (0.3ms)
  Rendered layouts/_google_analytics.html.erb (0.4ms)
Completed 200 OK in 79ms (Views: 78.8ms | ActiveRecord: 0.0ms)

Started GET "/" for 127.0.0.1 at 2012-03-10 14:28:14 +0100
Processing by HomeController#index as HTML
  Rendered text template within layouts/application (0.0ms)
  Rendered layouts/_assets.html.erb (2.0ms)
  Rendered layouts/_top.html.erb (2.6ms)
  Rendered layouts/_about.html.erb (0.3ms)
  Rendered layouts/_google_analytics.html.erb (0.4ms)
Completed 200 OK in 79ms (Views: 78.8ms | ActiveRecord: 0.0ms)


Started GET "/" for 127.0.0.1 at 2012-03-10 14:28:14 +0100
Processing by HomeController#index as HTML
  Rendered text template within layouts/application (0.0ms)
  Rendered layouts/_assets.html.erb (2.0ms)
  Rendered layouts/_top.html.erb (2.6ms)
  Rendered layouts/_about.html.erb (0.3ms)
  Rendered layouts/_google_analytics.html.erb (0.4ms)
Completed 200 OK in 79ms (Views: 78.8ms | ActiveRecord: 0.0ms)

Started GET "/" for 127.0.0.1 at 2012-03-10 14:28:14 +0100
Processing by HomeController#index as HTML
  Rendered text template within layouts/application (0.0ms)
  Rendered layouts/_assets.html.erb (2.0ms)
  Rendered layouts/_top.html.erb (2.6ms)
  Rendered layouts/_about.html.erb (0.3ms)
  Rendered layouts/_google_analytics.html.erb (0.4ms)
Completed 200 OK in 79ms (Views: 78.8ms | ActiveRecord: 0.0ms)
